<?xml version="1.0" encoding="UTF-8"?>
<!-- Generated by org.testng.reporters.JUnitReportReporter -->
<testsuite skipped="0" hostname="DESKTOP-5EOLH3O" name="com.qa.testcases.LoginPageTest" tests="1" failures="0" timestamp="27 Apr 2020 06:13:50 GMT" time="13.947" errors="0">
  <testcase name="loginTest" time="13.947" classname="com.qa.testcases.LoginPageTest"/>
</testsuite> <!-- com.qa.testcases.LoginPageTest -->
