<?xml version="1.0" encoding="UTF-8"?>
<!-- Generated by org.testng.reporters.JUnitReportReporter -->
<testsuite skipped="0" hostname="DESKTOP-5EOLH3O" name="com.qa.testcases.HomePageTest" tests="1" failures="0" timestamp="27 Apr 2020 07:28:37 GMT" time="16.682" errors="0">
  <testcase name="searchAndSelectProduct" time="16.682" classname="com.qa.testcases.HomePageTest"/>
</testsuite> <!-- com.qa.testcases.HomePageTest -->
